#
#
#
#
#
#    Don't try viewing this report without a plog-converter utility!!!
#
#    plog-converter -a GA:1,2 -t tasklist -o report.tasks /path/to/this/file.log
#
#    A link to the documentation: https://www.viva64.com/en/m/0036/
#
#
#
#
#
d99cf3ba-6fcd-43f9-9260-1179fa3a9bed
r-vUVbw<6y|D3 h22y|D3x**y|D3(L8Pu(PU/-(F8'hPu>o=(\a85u'o=(.?wokx(PU=oua}'y|D3uaa8ay|D3r[[Gy|D3$aaUfc8vuaah>c-=ck8==-92u}c,LucvU2huc8 cN'8h>oNc->_u/c'8h2_cauU'Lc*Xb}y|D3 U2=uy|D3Jy|D3ccccccccccccccccBy|D3ccccccccccccccccau=h2o!'8h>o"cmcN)SNny|D3cccccccccccccccc->oc=2UvuK -2uK'8h>ocmcSny|D3y|D3{4<wGXG
r-vUVbw<6y|D3 h22y|D3xXxy|D3(L8Pu(PU/-(F8'hPu>o=(\a85u'o=(.?wokx(PU=oua}'y|D3uaa8ay|D3rGVby|D3\8==-92uc->'8aau'oc8a_uac8 cUajhPu>o=ckU==u_co8cN'8> -jK=2UvuKk-ku=Nc h>'o-8>%cNauU_K a8PK=2UvuK _=NcU>_cN]a-ouKo8K=2UvuK _=N}y|D3 U2=uy|D3Jy|D3cccccccccccc((.@$r<c{?F<y|D3cccccccccccc'8> -jK=2UvuKk-ku=;-EcauU_K a8PK=2UvuK _=Ec]a-ouKo8K=2UvuK _=^ny|D3y|D3y|D3{4<wVX*
r-vUVbw<6y|D3 h22y|D3xiSy|D3(L8Pu(PU/-(F8'hPu>o=(\a85u'o=(.?wokx(PU=oua}'y|D3uaa8ay|D3rGVby|D3\8==-92uc->'8aau'oc8a_uac8 cUajhPu>o=ckU==u_co8cN'8> -jKPU=ouaKk-ku=Nc h>'o-8>%cNauU_K a8PK=2UvuK _=NcU>_cN]a-ouKo8K=2UvuK _=N}y|D3 U2=uy|D3Jy|D3cccccccc((\$C<Q,c{?F<y|D3cccccccc'8> -jKPU=ouaKk-ku=;-EcauU_K a8PK=2UvuK _=Ec]a-ouKo8K=2UvuK _=^ny|D3ccccBy|D3y|D3{4<wVX*
r-vUVbw<6y|D3 h22y|D3*xSy|D3(L8Pu(PU/-(F8'hPu>o=(\a85u'o=(.?wokx(PU=oua}'y|D3uaa8ay|D3rV*xy|D3{8>=-_uac->=ku'o->jcoLucNh>2->sNc h>'o-8>c'U22}cFu ->->jcU>cU9=82houckUoLco8coLuc -2uc8ac_-au'o8afc-=c'8>=-_uau_cUck88ac=of2u}y|D3 U2=uy|D3*y|D3cccccccckuaa8a;R<aa8ac->-o-U2-:->jc=uPUkL8auR^ny|D3cccccccch>2->s;.I6KQ$6<^ny|D3ccccccccu/-o;<M1,KT$1@gC<^ny|D3y|D3{4<w*G
r-vUVbw<6y|D3 h22y|D3*xGy|D3(L8Pu(PU/-(F8'hPu>o=(\a85u'o=(.?wokx(PU=oua}'y|D3uaa8ay|D3rV*xy|D3{8>=-_uac->=ku'o->jcoLucNh>2->sNc h>'o-8>c'U22}cFu ->->jcU>cU9=82houckUoLco8coLuc -2uc8ac_-au'o8afc-=c'8>=-_uau_cUck88ac=of2u}y|D3 U2=uy|D3*y|D3cccccccckuaa8a;R<aa8ac->-o-U2-:->jc=uPUkL8auR^ny|D3cccccccch>2->s;.I6KQ$6<^ny|D3ccccccccu/-o;<M1,KT$1@gC<^ny|D3y|D3{4<w*G
r-vUVbw<6y|D3 h22y|D3xSy|D3(L8Pu(PU/-(F8'hPu>o=(\a85u'o=(.?wokx(ho-2=}Ly|D3uaa8ay|D3rxSS*y|D3,LucPU'a8cNC<.g@,K6$MK1QT?K,?,$@Nc-=cUc_U>jua8h=cu/kau==-8>}c,Lucu/kau==-8>cPh=oc9uc=haa8h>_u_c9fckUau>oLu=u=}y|D3 U2=uy|D3*y|D3|_u ->ucT1@<K\$,IK6$MK.1W<cxJXy|D3|_u ->ucC<.g@,K6$MK1QT?K,?,$@cC<.g@,K6$MK.1W<ctcT1@<K\$,IK6$MK.1W<y|D3|_u ->uc.I6K6$MKT1@<.cxSSSy|D3y|D3
r-vUVbw<6y|D3 h22y|D3JJy|D3(L8Pu(PU/-(F8'hPu>o=(\a85u'o=(.?wokx(=2Uvu}'y|D3uaa8ay|D3r[bGy|D3</kau==-8>cN'8h>ocmmcwcxNc-=cU2]Uf=c U2=u}y|D3 U2=uy|D3xy|D3ccccdy|D3cccccccc- c;'8h>ocmmcwx^y|D3ccccccccdy|D3y|D3{4<w[GS
r-vUVbw<6y|D3 h22y|D3JGy|D3(L8Pu(PU/-(F8'hPu>o=(\a85u'o=(.?wokx(=2Uvu}'y|D3uaa8ay|D3r[[Gy|D3$aaUfc8vuaah>c-=ck8==-92u}c,LucvU2huc8 cN'8h>oNc->_u/c'8h2_cauU'Lc*Xb}y|D3 U2=uy|D3Jy|D3ccccccccBy|D3cccccccc -2uKkUoL=!'8h>o"cmcN7Nny|D3y|D3y|D3{4<wGXG
r-vUVbw<6y|D3 h22y|D3*Vy|D3(L8Pu(PU/-(F8'hPu>o=(\a85u'o=(.?wokx(=2Uvu}'y|D3uaa8ay|D3r[[Gy|D3$aaUfc8vuaah>c-=ck8==-92u}c,LucvU2huc8 cN-Nc->_u/c'8h2_cauU'Lc*Xb}y|D3 U2=uy|D3Jy|D3ccccccccdy|D3cccccccccccc'cmc -2uKkUoL=!-"ny|D3cccccccccccc- c;'cmmcN7N^y|D3y|D3{4<wxJ[
r-vUVbw<6y|D3 h22y|D3xGy|D3(L8Pu(PU/-(F8'hPu>o=(\a85u'o=(.?wokx(v-u]}'y|D3uaa8ay|D3r[ixy|D3,LucNPU->Nc h>'o-8>c_8u=c>8ocauoha>cUcvU2huEc]L-'Lc-=cu~h-vU2u>oco8cNauoha>cSN}c1oc-=ck8==-92ucoLUocoL-=c-=cU>ch>->ou>_u_c9uLUv-8a}cy|D3 U2=uy|D3*y|D3cccc=LPK_-='8>>u'o;koaK=LPEcPuPK-> 8^ny|D3By|D3y|D3y|D3{4<w*i*
